c:\users\crist\desktop\main storage\coding projects\c++\oop\lab10-11\oop lab 10-11\oop lab 10-11\x64\debug\observable.obj
c:\users\crist\desktop\main storage\coding projects\c++\oop\lab10-11\oop lab 10-11\oop lab 10-11\x64\debug\teste_vector.obj
c:\users\crist\desktop\main storage\coding projects\c++\oop\lab10-11\oop lab 10-11\oop lab 10-11\x64\debug\actiuneundo.obj
c:\users\crist\desktop\main storage\coding projects\c++\oop\lab10-11\oop lab 10-11\oop lab 10-11\x64\debug\observerpaintedgui.obj
c:\users\crist\desktop\main storage\coding projects\c++\oop\lab10-11\oop lab 10-11\oop lab 10-11\x64\debug\oferta_domain.obj
c:\users\crist\desktop\main storage\coding projects\c++\oop\lab10-11\oop lab 10-11\oop lab 10-11\x64\debug\teste_service.obj
c:\users\crist\desktop\main storage\coding projects\c++\oop\lab10-11\oop lab 10-11\oop lab 10-11\x64\debug\main.obj
c:\users\crist\desktop\main storage\coding projects\c++\oop\lab10-11\oop lab 10-11\oop lab 10-11\x64\debug\teste_master.obj
c:\users\crist\desktop\main storage\coding projects\c++\oop\lab10-11\oop lab 10-11\oop lab 10-11\x64\debug\undosterge.obj
c:\users\crist\desktop\main storage\coding projects\c++\oop\lab10-11\oop lab 10-11\oop lab 10-11\x64\debug\oferta_repository.obj
c:\users\crist\desktop\main storage\coding projects\c++\oop\lab10-11\oop lab 10-11\oop lab 10-11\x64\debug\undoadauga.obj
c:\users\crist\desktop\main storage\coding projects\c++\oop\lab10-11\oop lab 10-11\oop lab 10-11\x64\debug\oferta_service.obj
c:\users\crist\desktop\main storage\coding projects\c++\oop\lab10-11\oop lab 10-11\oop lab 10-11\x64\debug\vectordinamic.obj
c:\users\crist\desktop\main storage\coding projects\c++\oop\lab10-11\oop lab 10-11\oop lab 10-11\x64\debug\mainqwidget.obj
c:\users\crist\desktop\main storage\coding projects\c++\oop\lab10-11\oop lab 10-11\oop lab 10-11\x64\debug\observerlistboxgui.obj
c:\users\crist\desktop\main storage\coding projects\c++\oop\lab10-11\oop lab 10-11\oop lab 10-11\x64\debug\teste_repository.obj
c:\users\crist\desktop\main storage\coding projects\c++\oop\lab10-11\oop lab 10-11\oop lab 10-11\x64\debug\undomodifica.obj
c:\users\crist\desktop\main storage\coding projects\c++\oop\lab10-11\oop lab 10-11\oop lab 10-11\x64\debug\observablegui.obj
c:\users\crist\desktop\main storage\coding projects\c++\oop\lab10-11\oop lab 10-11\oop lab 10-11\x64\debug\observer.obj
c:\users\crist\desktop\main storage\coding projects\c++\oop\lab10-11\oop lab 10-11\oop lab 10-11\x64\debug\teste_undo.obj
c:\users\crist\desktop\main storage\coding projects\c++\oop\lab10-11\oop lab 10-11\oop lab 10-11\x64\debug\iteratorvectordinamic.obj
c:\users\crist\desktop\main storage\coding projects\c++\oop\lab10-11\oop lab 10-11\oop lab 10-11\x64\debug\teste_domain.obj
c:\users\crist\desktop\main storage\coding projects\c++\oop\lab10-11\oop lab 10-11\oop lab 10-11\x64\debug\ui.obj
c:\users\crist\desktop\main storage\coding projects\c++\oop\lab10-11\oop lab 10-11\oop lab 10-11\x64\debug\observerguibase.obj
c:\users\crist\desktop\main storage\coding projects\c++\oop\lab10-11\oop lab 10-11\oop lab 10-11\x64\debug\vc143.pdb
c:\users\crist\desktop\main storage\coding projects\c++\oop\lab10-11\oop lab 10-11\oop lab 10-11\x64\debug\moc_mainqwidget.obj
c:\users\crist\desktop\main storage\coding projects\c++\oop\lab10-11\oop lab 10-11\oop lab 10-11\x64\debug\qrc_mainqwidget.obj
c:\users\crist\desktop\main storage\coding projects\c++\oop\lab10-11\oop lab 10-11\oop lab 10-11\x64\debug\moc_observerguibase.obj
c:\users\crist\desktop\main storage\coding projects\c++\oop\lab10-11\oop lab 10-11\x64\debug\oop lab 10-11.exe
c:\users\crist\desktop\main storage\coding projects\c++\oop\lab10-11\oop lab 10-11\x64\debug\oop lab 10-11.ilk
c:\users\crist\desktop\main storage\coding projects\c++\oop\lab10-11\oop lab 10-11\x64\debug\oop lab 10-11.pdb
c:\users\crist\desktop\main storage\coding projects\c++\oop\lab10-11\oop lab 10-11\oop lab 10-11\x64\debug\moc\moc_mainqwidget.cpp
c:\users\crist\desktop\main storage\coding projects\c++\oop\lab10-11\oop lab 10-11\oop lab 10-11\x64\debug\moc\moc_observerguibase.cpp
c:\users\crist\desktop\main storage\coding projects\c++\oop\lab10-11\oop lab 10-11\oop lab 10-11\x64\debug\uic\ui_mainqwidget.h
c:\users\crist\desktop\main storage\coding projects\c++\oop\lab10-11\oop lab 10-11\oop lab 10-11\x64\debug\rcc\qrc_mainqwidget.cpp
c:\users\crist\desktop\main storage\coding projects\c++\oop\lab10-11\oop lab 10-11\oop lab 10-11\x64\debug\oop lab 10-11.tlog\cl.10244.write.1.tlog
c:\users\crist\desktop\main storage\coding projects\c++\oop\lab10-11\oop lab 10-11\oop lab 10-11\x64\debug\oop lab 10-11.tlog\cl.command.1.tlog
c:\users\crist\desktop\main storage\coding projects\c++\oop\lab10-11\oop lab 10-11\oop lab 10-11\x64\debug\oop lab 10-11.tlog\cl.read.1.tlog
c:\users\crist\desktop\main storage\coding projects\c++\oop\lab10-11\oop lab 10-11\oop lab 10-11\x64\debug\oop lab 10-11.tlog\link.command.1.tlog
c:\users\crist\desktop\main storage\coding projects\c++\oop\lab10-11\oop lab 10-11\oop lab 10-11\x64\debug\oop lab 10-11.tlog\link.read.1.tlog
c:\users\crist\desktop\main storage\coding projects\c++\oop\lab10-11\oop lab 10-11\oop lab 10-11\x64\debug\oop lab 10-11.tlog\link.write.1.tlog
c:\users\crist\desktop\main storage\coding projects\c++\oop\lab10-11\oop lab 10-11\oop lab 10-11\x64\debug\oop lab 10-11.tlog\moc.read.1u.tlog
c:\users\crist\desktop\main storage\coding projects\c++\oop\lab10-11\oop lab 10-11\oop lab 10-11\x64\debug\oop lab 10-11.tlog\moc.write.1u.tlog
c:\users\crist\desktop\main storage\coding projects\c++\oop\lab10-11\oop lab 10-11\oop lab 10-11\x64\debug\oop lab 10-11.tlog\oop lab 10-11.write.1u.tlog
c:\users\crist\desktop\main storage\coding projects\c++\oop\lab10-11\oop lab 10-11\oop lab 10-11\x64\debug\oop lab 10-11.tlog\rcc.read.1u.tlog
c:\users\crist\desktop\main storage\coding projects\c++\oop\lab10-11\oop lab 10-11\oop lab 10-11\x64\debug\oop lab 10-11.tlog\rcc.write.1u.tlog
c:\users\crist\desktop\main storage\coding projects\c++\oop\lab10-11\oop lab 10-11\oop lab 10-11\x64\debug\oop lab 10-11.tlog\uic.read.1u.tlog
c:\users\crist\desktop\main storage\coding projects\c++\oop\lab10-11\oop lab 10-11\oop lab 10-11\x64\debug\oop lab 10-11.tlog\uic.write.1u.tlog
